#
# A fatal error has been detected by the Java Runtime Environment:
#
#  EXCEPTION_ACCESS_VIOLATION (0xc0000005) at pc=0x00007fff3ccb7a12, pid=17792, tid=4132
#
# JRE version: Java(TM) SE Runtime Environment (21.0.2+13) (build 21.0.2+13-LTS-58)
# Java VM: Java HotSpot(TM) 64-Bit Server VM (21.0.2+13-LTS-58, mixed mode, sharing, tiered, compressed oops, compressed class ptrs, g1 gc, windows-amd64)
# Problematic frame:
# C  [igxelpicd64.dll+0xa7a12]
#
# No core dump will be written. Minidumps are not enabled by default on client versions of Windows
#
# If you would like to submit a bug report, please visit:
#   https://bugreport.java.com/bugreport/crash.jsp
#

---------------  S U M M A R Y ------------

Command Line: -Dfile.encoding=UTF-8 -Duser.country=GB -Duser.language=en -Duser.variant io.github.some_example_name.lwjgl3.Lwjgl3Launcher

Host: 11th Gen Intel(R) Core(TM) i5-1135G7 @ 2.40GHz, 8 cores, 7G,  Windows 11 , 64 bit Build 26100 (10.0.26100.3037)
Time: Fri Feb  7 15:01:02 2025 GMT Standard Time elapsed time: 13.653520 seconds (0d 0h 0m 13s)

---------------  T H R E A D  ---------------

Current thread (0x0000028b9f4ce5e0):  VMThread "VM Thread"          [id=4132, stack(0x000000e0c8400000,0x000000e0c8500000) (1024K)]

Stack: [0x000000e0c8400000,0x000000e0c8500000],  sp=0x000000e0c84fe5b0,  free space=1017k
Native frames: (J=compiled Java code, j=interpreted, Vv=VM code, C=native code)
C  [igxelpicd64.dll+0xa7a12]


siginfo: EXCEPTION_ACCESS_VIOLATION (0xc0000005), reading address 0x0000000000035898


Registers:
RAX=0x0000028be77a1c38, RBX=0x0000028be77a1b30, RCX=0x0000000000000000, RDX=0x00000000fffffff0
RSP=0x000000e0c84fe5b0, RBP=0x0000000000000000, RSI=0x0000028be77a2100, RDI=0x0000028be7182f80
R8 =0x0000000000000014, R9 =0x0000000000000000, R10=0x0000000000000000, R11=0x0000000000000246
R12=0x0000028be72dfe00, R13=0x0000000000000000, R14=0x0000000000096000, R15=0x0000000000000016
RIP=0x00007fff3ccb7a12, EFLAGS=0x0000000000010202


Register to memory mapping:

RAX=0x0000028be77a1c38 points into unknown readable memory: 0x00000000000960e3 | e3 60 09 00 00 00 00 00
RBX=0x0000028be77a1b30 points into unknown readable memory: 0x0000028be717d6e0 | e0 d6 17 e7 8b 02 00 00
RCX=0x0 is null
RDX=0x00000000fffffff0 is an unallocated location in the heap
RSP=0x000000e0c84fe5b0 points into unknown readable memory: 0x0000028be7187180 | 80 71 18 e7 8b 02 00 00
RBP=0x0 is null
RSI=0x0000028be77a2100 points into unknown readable memory: 0x0000000000000000 | 00 00 00 00 00 00 00 00
RDI=0x0000028be7182f80 points into unknown readable memory: 0x0000028be5562800 | 00 28 56 e5 8b 02 00 00
R8 =0x0000000000000014 is an unknown value
R9 =0x0 is null
R10=0x0 is null
R11=0x0000000000000246 is an unknown value
R12=0x0000028be72dfe00 points into unknown readable memory: 0x0000028be72dfa90 | 90 fa 2d e7 8b 02 00 00
R13=0x0 is null
R14=0x0000000000096000 is an unknown value
R15=0x0000000000000016 is an unknown value

Top of Stack: (sp=0x000000e0c84fe5b0)
0x000000e0c84fe5b0:   0000028be7187180 0000000000000000
0x000000e0c84fe5c0:   0278e38e02f6b98e 00007fffc12e37f4
0x000000e0c84fe5d0:   0277109102c9678f 01229691028f9391
0x000000e0c84fe5e0:   0292e39102f9c991 02b7899202932f92
0x000000e0c84fe5f0:   0000000000000015 00000000000960ef
0x000000e0c84fe600:   0000b80200000000 0000028be72dfe58
0x000000e0c84fe610:   0000000000000000 0000000000000000
0x000000e0c84fe620:   000000e0c84fe730 00007fff3cc9d5bf
0x000000e0c84fe630:   0000028be7187180 0000028be7182f80
0x000000e0c84fe640:   031fb29b02a37200 02ea1a9e00929d00
0x000000e0c84fe650:   000000e00000095c 034410a000000000
0x000000e0c84fe660:   0000000000000000 030de2a102e2d3a1
0x000000e0c84fe670:   02c821a2000605a2 02c453a202c32fa2
0x000000e0c84fe680:   03339aa4033525a4 02d308a502f9cba4
0x000000e0c84fe690:   02743ca502dc0ea5 00cfada5028d6ba5
0x000000e0c84fe6a0:   02a81ca602b61aa6 00a644a602db39a6
0x000000e0c84fe6b0:   00a836a700b3e9a6 0304afa7030f76a7
0x000000e0c84fe6c0:   02b93aa80352b6a7 02afa9a902a77fa9
0x000000e0c84fe6d0:   0000028bea110000 0000000000000060
0x000000e0c84fe6e0:   0000b80200000000 000000000000095c
0x000000e0c84fe6f0:   0000000000000000 40001d8000000001
0x000000e0c84fe700:   0000000000000000 0000000000000000
0x000000e0c84fe710:   0000000000000000 0000000000000000
0x000000e0c84fe720:   0000000000000000 0000000000000000
0x000000e0c84fe730:   0000000000000000 0000000000000000
0x000000e0c84fe740:   0000000000000000 0000000000000000
0x000000e0c84fe750:   0000000000000000 0000000000000000
0x000000e0c84fe760:   0000000000000000 0000000000000000
0x000000e0c84fe770:   0000000000000000 0000000000000000
0x000000e0c84fe780:   0000000000000000 0000000000000000
0x000000e0c84fe790:   0000000000000000 0000000000000000
0x000000e0c84fe7a0:   0000000000000000 0000000000000000 

Instructions: (pc=0x00007fff3ccb7a12)
0x00007fff3ccb7912:   8b fa 48 8b e9 48 8b 1d a2 c5 f1 00 48 89 58 08
0x00007fff3ccb7922:   48 8b cb ff 15 fd 48 a9 00 90 4c 8b af 78 02 00
0x00007fff3ccb7932:   00 48 8b 05 26 6a e1 00 44 8b b8 a0 0b 00 00 45
0x00007fff3ccb7942:   33 d2 45 8a f2 4c 89 97 78 02 00 00 44 89 97 80
0x00007fff3ccb7952:   02 00 00 4c 89 97 a0 02 00 00 4c 89 97 88 02 00
0x00007fff3ccb7962:   00 48 85 ed 75 38 8b 35 32 9f f1 00 65 48 8b 04
0x00007fff3ccb7972:   25 58 00 00 00 b9 14 00 00 00 48 8b 04 f0 44 38
0x00007fff3ccb7982:   14 01 0f 84 56 a3 94 00 65 48 8b 04 25 58 00 00
0x00007fff3ccb7992:   00 bd 20 00 00 00 48 8b 04 f0 48 8b 2c 28 48 3b
0x00007fff3ccb79a2:   2d 89 ac f1 00 45 0f 44 fa 4d 85 ed 0f 84 2b 01
0x00007fff3ccb79b2:   00 00 44 8a a4 24 90 00 00 00 49 8b dd 49 8d b5
0x00007fff3ccb79c2:   d0 05 00 00 4c 8b 2e 45 84 e4 0f 85 39 03 00 00
0x00007fff3ccb79d2:   44 8b 8f c8 01 00 00 48 8b 05 80 69 e1 00 83 b8
0x00007fff3ccb79e2:   70 03 00 00 02 75 36 41 8d 51 f0 41 83 f9 10 0f
0x00007fff3ccb79f2:   83 2d 01 00 00 4a 8d 04 cd 21 00 00 00 49 03 c1
0x00007fff3ccb7a02:   48 8d 04 c3 48 85 c0 0f 85 03 01 00 00 49 8b ca
0x00007fff3ccb7a12:   48 3b 8d 98 58 03 00 0f 87 ce a2 94 00 48 8d 93
0x00007fff3ccb7a22:   08 01 00 00 4c 39 93 48 06 00 00 0f 85 39 a4 94
0x00007fff3ccb7a32:   00 44 8b 9f c8 01 00 00 48 8b 87 e0 01 00 00 4c
0x00007fff3ccb7a42:   8b 10 44 8b 87 c8 01 00 00 41 83 f8 10 0f 83 fc
0x00007fff3ccb7a52:   00 00 00 4b 8d 0c c0 48 8d 04 ca 48 85 c0 0f 85
0x00007fff3ccb7a62:   b5 00 00 00 33 c9 49 3b ca 0f 86 11 01 00 00 45
0x00007fff3ccb7a72:   33 d2 48 8b 87 78 02 00 00 48 89 06 48 89 9f 78
0x00007fff3ccb7a82:   02 00 00 ff 87 80 02 00 00 48 8b 43 08 48 8b 88
0x00007fff3ccb7a92:   18 01 00 00 48 81 e1 00 00 ff ff 48 81 c1 00 00
0x00007fff3ccb7aa2:   01 00 48 01 8f 88 02 00 00 48 8b 43 08 48 8b 88
0x00007fff3ccb7ab2:   18 01 00 00 48 01 8f a0 02 00 00 4d 85 ed 0f 85
0x00007fff3ccb7ac2:   f6 fe ff ff 45 84 f6 44 8a a4 24 98 00 00 00 0f
0x00007fff3ccb7ad2:   85 e1 a3 94 00 48 8b 9c 24 80 00 00 00 48 8b cf
0x00007fff3ccb7ae2:   45 84 e4 0f 85 30 02 00 00 e8 d0 fa ff ff 90 48
0x00007fff3ccb7af2:   8b cb 48 8b 9c 24 88 00 00 00 48 83 c4 40 41 5f
0x00007fff3ccb7b02:   41 5e 41 5d 41 5c 5f 5e 5d 48 ff 25 0e 47 a9 00 


Stack slot to memory mapping:

stack at sp + 0 slots: 0x0000028be7187180 points into unknown readable memory: 0xffffffffffffffff | ff ff ff ff ff ff ff ff
stack at sp + 1 slots: 0x0 is null
stack at sp + 2 slots: 0x0278e38e02f6b98e is an unknown value
stack at sp + 3 slots: 0x00007fffc12e37f4 ntdll.dll
stack at sp + 4 slots: 0x0277109102c9678f is an unknown value
stack at sp + 5 slots: 0x01229691028f9391 is an unknown value
stack at sp + 6 slots: 0x0292e39102f9c991 is an unknown value
stack at sp + 7 slots: 0x02b7899202932f92 is an unknown value

VM_Operation (0x000000e0c7dfefa0): Exit, mode: safepoint, requested by thread 0x0000028b809c6140


---------------  P R O C E S S  ---------------

Threads class SMR info:
_java_thread_list=0x0000028be76891a0, length=13, elements={
0x0000028b809c6140, 0x0000028b9f4eeae0, 0x0000028b9f4ef540, 0x0000028b9f4f2430,
0x0000028b9f4f3300, 0x0000028b9f4f5f00, 0x0000028b9f4f76b0, 0x0000028b9f51dd60,
0x0000028b9f51e670, 0x0000028b9f7da3d0, 0x0000028b9f7e2bf0, 0x0000028be712be50,
0x0000028be784db30
}

Java Threads: ( => current thread )
  0x0000028b809c6140 JavaThread "main"                              [_thread_blocked, id=10996, stack(0x000000e0c7d00000,0x000000e0c7e00000) (1024K)]
  0x0000028b9f4eeae0 JavaThread "Reference Handler"          daemon [_thread_blocked, id=12876, stack(0x000000e0c8500000,0x000000e0c8600000) (1024K)]
  0x0000028b9f4ef540 JavaThread "Finalizer"                  daemon [_thread_blocked, id=9204, stack(0x000000e0c8600000,0x000000e0c8700000) (1024K)]
  0x0000028b9f4f2430 JavaThread "Signal Dispatcher"          daemon [_thread_blocked, id=20056, stack(0x000000e0c8700000,0x000000e0c8800000) (1024K)]
  0x0000028b9f4f3300 JavaThread "Attach Listener"            daemon [_thread_blocked, id=20964, stack(0x000000e0c8800000,0x000000e0c8900000) (1024K)]
  0x0000028b9f4f5f00 JavaThread "Service Thread"             daemon [_thread_blocked, id=18672, stack(0x000000e0c8900000,0x000000e0c8a00000) (1024K)]
  0x0000028b9f4f76b0 JavaThread "Monitor Deflation Thread"   daemon [_thread_blocked, id=10844, stack(0x000000e0c8a00000,0x000000e0c8b00000) (1024K)]
  0x0000028b9f51dd60 JavaThread "C2 CompilerThread0"         daemon [_thread_blocked, id=1848, stack(0x000000e0c8b00000,0x000000e0c8c00000) (1024K)]
  0x0000028b9f51e670 JavaThread "C1 CompilerThread0"         daemon [_thread_blocked, id=11332, stack(0x000000e0c8c00000,0x000000e0c8d00000) (1024K)]
  0x0000028b9f7da3d0 JavaThread "Notification Thread"        daemon [_thread_blocked, id=5584, stack(0x000000e0c8d00000,0x000000e0c8e00000) (1024K)]
  0x0000028b9f7e2bf0 JavaThread "Common-Cleaner"             daemon [_thread_blocked, id=8616, stack(0x000000e0c8e00000,0x000000e0c8f00000) (1024K)]
  0x0000028be712be50 JavaThread "Thread-0"                   daemon [_thread_blocked, id=8660, stack(0x000000e0c8f00000,0x000000e0c9000000) (1024K)]
  0x0000028be784db30 JavaThread "LWJGL3 Timer"               daemon [_thread_blocked, id=11380, stack(0x000000e0c9a00000,0x000000e0c9b00000) (1024K)]
Total: 13

Other Threads:
=>0x0000028b9f4ce5e0 VMThread "VM Thread"                           [id=4132, stack(0x000000e0c8400000,0x000000e0c8500000) (1024K)]
  0x0000028b82ca5670 WorkerThread "GC Thread#0"                     [id=20892, stack(0x000000e0c7e00000,0x000000e0c7f00000) (1024K)]
  0x0000028b82cd3d90 ConcurrentGCThread "G1 Main Marker"            terminated
  0x0000028b82cd4890 WorkerThread "G1 Conc#0"                       [id=6012, stack(0x000000e0c8000000,0x000000e0c8100000) (1024K)]
  0x0000028b9f385920 ConcurrentGCThread "G1 Refine#0"               terminated
  0x0000028b9f387340 ConcurrentGCThread "G1 Service"                terminated
Total: 6

Threads with active compile tasks:
Total: 0

VM state: at safepoint (shutting down)

VM Mutex/Monitor currently owned by a thread:  ([mutex/lock_event])
[0x00007fff6191cd68] Threads_lock - owner thread: 0x0000028b9f4ce5e0
[0x00007fff6191ce68] Heap_lock - owner thread: 0x0000028b809c6140

Heap address: 0x0000000084e00000, size: 1970 MB, Compressed Oops mode: 32-bit

CDS archive(s) mapped at: [0x0000028ba0000000-0x0000028ba0c90000-0x0000028ba0c90000), size 13172736, SharedBaseAddress: 0x0000028ba0000000, ArchiveRelocationMode: 1.
Compressed class space mapped at: 0x0000028ba1000000-0x0000028be1000000, reserved size: 1073741824
Narrow klass base: 0x0000028ba0000000, Narrow klass shift: 0, Narrow klass range: 0x100000000

GC Precious Log:
 CardTable entry size: 512
 Card Set container configuration: InlinePtr #cards 5 size 8 Array Of Cards #cards 12 size 40 Howl #buckets 4 coarsen threshold 1843 Howl Bitmap #cards 512 size 80 coarsen threshold 460 Card regions per heap region 1 cards per card region 2048
 CPUs: 8 total, 8 available
 Memory: 7873M
 Large Page Support: Disabled
 NUMA Support: Disabled
 Compressed Oops: Enabled (32-bit)
 Heap Region Size: 1M
 Heap Min Capacity: 8M
 Heap Initial Capacity: 124M
 Heap Max Capacity: 1970M
 Pre-touch: Disabled
 Parallel Workers: 8
 Concurrent Workers: 2
 Concurrent Refinement Workers: 8
 Periodic GC: Disabled

Heap:
 garbage-first heap   total 126976K, used 13312K [0x0000000084e00000, 0x0000000100000000)
  region size 1024K, 15 young (15360K), 0 survivors (0K)
 Metaspace       used 5786K, committed 6016K, reserved 1114112K
  class space    used 380K, committed 512K, reserved 1048576K

Heap Regions: E=young(eden), S=young(survivor), O=old, HS=humongous(starts), HC=humongous(continues), CS=collection set, F=free, TAMS=top-at-mark-start, PB=parsable bottom
|   0|0x0000000084e00000, 0x0000000084e00000, 0x0000000084f00000|  0%| F|  |TAMS 0x0000000084e00000| PB 0x0000000084e00000| Untracked 
|   1|0x0000000084f00000, 0x0000000084f00000, 0x0000000085000000|  0%| F|  |TAMS 0x0000000084f00000| PB 0x0000000084f00000| Untracked 
|   2|0x0000000085000000, 0x0000000085000000, 0x0000000085100000|  0%| F|  |TAMS 0x0000000085000000| PB 0x0000000085000000| Untracked 
|   3|0x0000000085100000, 0x0000000085100000, 0x0000000085200000|  0%| F|  |TAMS 0x0000000085100000| PB 0x0000000085100000| Untracked 
|   4|0x0000000085200000, 0x0000000085200000, 0x0000000085300000|  0%| F|  |TAMS 0x0000000085200000| PB 0x0000000085200000| Untracked 
|   5|0x0000000085300000, 0x0000000085300000, 0x0000000085400000|  0%| F|  |TAMS 0x0000000085300000| PB 0x0000000085300000| Untracked 
|   6|0x0000000085400000, 0x0000000085400000, 0x0000000085500000|  0%| F|  |TAMS 0x0000000085400000| PB 0x0000000085400000| Untracked 
|   7|0x0000000085500000, 0x0000000085500000, 0x0000000085600000|  0%| F|  |TAMS 0x0000000085500000| PB 0x0000000085500000| Untracked 
|   8|0x0000000085600000, 0x0000000085600000, 0x0000000085700000|  0%| F|  |TAMS 0x0000000085600000| PB 0x0000000085600000| Untracked 
|   9|0x0000000085700000, 0x0000000085700000, 0x0000000085800000|  0%| F|  |TAMS 0x0000000085700000| PB 0x0000000085700000| Untracked 
|  10|0x0000000085800000, 0x0000000085800000, 0x0000000085900000|  0%| F|  |TAMS 0x0000000085800000| PB 0x0000000085800000| Untracked 
|  11|0x0000000085900000, 0x0000000085900000, 0x0000000085a00000|  0%| F|  |TAMS 0x0000000085900000| PB 0x0000000085900000| Untracked 
|  12|0x0000000085a00000, 0x0000000085a00000, 0x0000000085b00000|  0%| F|  |TAMS 0x0000000085a00000| PB 0x0000000085a00000| Untracked 
|  13|0x0000000085b00000, 0x0000000085b00000, 0x0000000085c00000|  0%| F|  |TAMS 0x0000000085b00000| PB 0x0000000085b00000| Untracked 
|  14|0x0000000085c00000, 0x0000000085c00000, 0x0000000085d00000|  0%| F|  |TAMS 0x0000000085c00000| PB 0x0000000085c00000| Untracked 
|  15|0x0000000085d00000, 0x0000000085d00000, 0x0000000085e00000|  0%| F|  |TAMS 0x0000000085d00000| PB 0x0000000085d00000| Untracked 
|  16|0x0000000085e00000, 0x0000000085e00000, 0x0000000085f00000|  0%| F|  |TAMS 0x0000000085e00000| PB 0x0000000085e00000| Untracked 
|  17|0x0000000085f00000, 0x0000000085f00000, 0x0000000086000000|  0%| F|  |TAMS 0x0000000085f00000| PB 0x0000000085f00000| Untracked 
|  18|0x0000000086000000, 0x0000000086000000, 0x0000000086100000|  0%| F|  |TAMS 0x0000000086000000| PB 0x0000000086000000| Untracked 
|  19|0x0000000086100000, 0x0000000086100000, 0x0000000086200000|  0%| F|  |TAMS 0x0000000086100000| PB 0x0000000086100000| Untracked 
|  20|0x0000000086200000, 0x0000000086200000, 0x0000000086300000|  0%| F|  |TAMS 0x0000000086200000| PB 0x0000000086200000| Untracked 
|  21|0x0000000086300000, 0x0000000086300000, 0x0000000086400000|  0%| F|  |TAMS 0x0000000086300000| PB 0x0000000086300000| Untracked 
|  22|0x0000000086400000, 0x0000000086400000, 0x0000000086500000|  0%| F|  |TAMS 0x0000000086400000| PB 0x0000000086400000| Untracked 
|  23|0x0000000086500000, 0x0000000086500000, 0x0000000086600000|  0%| F|  |TAMS 0x0000000086500000| PB 0x0000000086500000| Untracked 
|  24|0x0000000086600000, 0x0000000086600000, 0x0000000086700000|  0%| F|  |TAMS 0x0000000086600000| PB 0x0000000086600000| Untracked 
|  25|0x0000000086700000, 0x0000000086700000, 0x0000000086800000|  0%| F|  |TAMS 0x0000000086700000| PB 0x0000000086700000| Untracked 
|  26|0x0000000086800000, 0x0000000086800000, 0x0000000086900000|  0%| F|  |TAMS 0x0000000086800000| PB 0x0000000086800000| Untracked 
|  27|0x0000000086900000, 0x0000000086900000, 0x0000000086a00000|  0%| F|  |TAMS 0x0000000086900000| PB 0x0000000086900000| Untracked 
|  28|0x0000000086a00000, 0x0000000086a00000, 0x0000000086b00000|  0%| F|  |TAMS 0x0000000086a00000| PB 0x0000000086a00000| Untracked 
|  29|0x0000000086b00000, 0x0000000086b00000, 0x0000000086c00000|  0%| F|  |TAMS 0x0000000086b00000| PB 0x0000000086b00000| Untracked 
|  30|0x0000000086c00000, 0x0000000086c00000, 0x0000000086d00000|  0%| F|  |TAMS 0x0000000086c00000| PB 0x0000000086c00000| Untracked 
|  31|0x0000000086d00000, 0x0000000086d00000, 0x0000000086e00000|  0%| F|  |TAMS 0x0000000086d00000| PB 0x0000000086d00000| Untracked 
|  32|0x0000000086e00000, 0x0000000086e00000, 0x0000000086f00000|  0%| F|  |TAMS 0x0000000086e00000| PB 0x0000000086e00000| Untracked 
|  33|0x0000000086f00000, 0x0000000086f00000, 0x0000000087000000|  0%| F|  |TAMS 0x0000000086f00000| PB 0x0000000086f00000| Untracked 
|  34|0x0000000087000000, 0x0000000087000000, 0x0000000087100000|  0%| F|  |TAMS 0x0000000087000000| PB 0x0000000087000000| Untracked 
|  35|0x0000000087100000, 0x0000000087100000, 0x0000000087200000|  0%| F|  |TAMS 0x0000000087100000| PB 0x0000000087100000| Untracked 
|  36|0x0000000087200000, 0x0000000087200000, 0x0000000087300000|  0%| F|  |TAMS 0x0000000087200000| PB 0x0000000087200000| Untracked 
|  37|0x0000000087300000, 0x0000000087300000, 0x0000000087400000|  0%| F|  |TAMS 0x0000000087300000| PB 0x0000000087300000| Untracked 
|  38|0x0000000087400000, 0x0000000087400000, 0x0000000087500000|  0%| F|  |TAMS 0x0000000087400000| PB 0x0000000087400000| Untracked 
|  39|0x0000000087500000, 0x0000000087500000, 0x0000000087600000|  0%| F|  |TAMS 0x0000000087500000| PB 0x0000000087500000| Untracked 
|  40|0x0000000087600000, 0x0000000087600000, 0x0000000087700000|  0%| F|  |TAMS 0x0000000087600000| PB 0x0000000087600000| Untracked 
|  41|0x0000000087700000, 0x0000000087700000, 0x0000000087800000|  0%| F|  |TAMS 0x0000000087700000| PB 0x0000000087700000| Untracked 
|  42|0x0000000087800000, 0x0000000087800000, 0x0000000087900000|  0%| F|  |TAMS 0x0000000087800000| PB 0x0000000087800000| Untracked 
|  43|0x0000000087900000, 0x0000000087900000, 0x0000000087a00000|  0%| F|  |TAMS 0x0000000087900000| PB 0x0000000087900000| Untracked 
|  44|0x0000000087a00000, 0x0000000087a00000, 0x0000000087b00000|  0%| F|  |TAMS 0x0000000087a00000| PB 0x0000000087a00000| Untracked 
|  45|0x0000000087b00000, 0x0000000087b00000, 0x0000000087c00000|  0%| F|  |TAMS 0x0000000087b00000| PB 0x0000000087b00000| Untracked 
|  46|0x0000000087c00000, 0x0000000087c00000, 0x0000000087d00000|  0%| F|  |TAMS 0x0000000087c00000| PB 0x0000000087c00000| Untracked 
|  47|0x0000000087d00000, 0x0000000087d00000, 0x0000000087e00000|  0%| F|  |TAMS 0x0000000087d00000| PB 0x0000000087d00000| Untracked 
|  48|0x0000000087e00000, 0x0000000087e00000, 0x0000000087f00000|  0%| F|  |TAMS 0x0000000087e00000| PB 0x0000000087e00000| Untracked 
|  49|0x0000000087f00000, 0x0000000087f00000, 0x0000000088000000|  0%| F|  |TAMS 0x0000000087f00000| PB 0x0000000087f00000| Untracked 
|  50|0x0000000088000000, 0x0000000088000000, 0x0000000088100000|  0%| F|  |TAMS 0x0000000088000000| PB 0x0000000088000000| Untracked 
|  51|0x0000000088100000, 0x0000000088100000, 0x0000000088200000|  0%| F|  |TAMS 0x0000000088100000| PB 0x0000000088100000| Untracked 
|  52|0x0000000088200000, 0x0000000088200000, 0x0000000088300000|  0%| F|  |TAMS 0x0000000088200000| PB 0x0000000088200000| Untracked 
|  53|0x0000000088300000, 0x0000000088300000, 0x0000000088400000|  0%| F|  |TAMS 0x0000000088300000| PB 0x0000000088300000| Untracked 
|  54|0x0000000088400000, 0x0000000088400000, 0x0000000088500000|  0%| F|  |TAMS 0x0000000088400000| PB 0x0000000088400000| Untracked 
|  55|0x0000000088500000, 0x0000000088500000, 0x0000000088600000|  0%| F|  |TAMS 0x0000000088500000| PB 0x0000000088500000| Untracked 
|  56|0x0000000088600000, 0x0000000088600000, 0x0000000088700000|  0%| F|  |TAMS 0x0000000088600000| PB 0x0000000088600000| Untracked 
|  57|0x0000000088700000, 0x0000000088700000, 0x0000000088800000|  0%| F|  |TAMS 0x0000000088700000| PB 0x0000000088700000| Untracked 
|  58|0x0000000088800000, 0x0000000088800000, 0x0000000088900000|  0%| F|  |TAMS 0x0000000088800000| PB 0x0000000088800000| Untracked 
|  59|0x0000000088900000, 0x0000000088900000, 0x0000000088a00000|  0%| F|  |TAMS 0x0000000088900000| PB 0x0000000088900000| Untracked 
|  60|0x0000000088a00000, 0x0000000088a00000, 0x0000000088b00000|  0%| F|  |TAMS 0x0000000088a00000| PB 0x0000000088a00000| Untracked 
|  61|0x0000000088b00000, 0x0000000088b00000, 0x0000000088c00000|  0%| F|  |TAMS 0x0000000088b00000| PB 0x0000000088b00000| Untracked 
|  62|0x0000000088c00000, 0x0000000088c00000, 0x0000000088d00000|  0%| F|  |TAMS 0x0000000088c00000| PB 0x0000000088c00000| Untracked 
|  63|0x0000000088d00000, 0x0000000088d00000, 0x0000000088e00000|  0%| F|  |TAMS 0x0000000088d00000| PB 0x0000000088d00000| Untracked 
|  64|0x0000000088e00000, 0x0000000088e00000, 0x0000000088f00000|  0%| F|  |TAMS 0x0000000088e00000| PB 0x0000000088e00000| Untracked 
|  65|0x0000000088f00000, 0x0000000088f00000, 0x0000000089000000|  0%| F|  |TAMS 0x0000000088f00000| PB 0x0000000088f00000| Untracked 
|  66|0x0000000089000000, 0x0000000089000000, 0x0000000089100000|  0%| F|  |TAMS 0x0000000089000000| PB 0x0000000089000000| Untracked 
|  67|0x0000000089100000, 0x0000000089100000, 0x0000000089200000|  0%| F|  |TAMS 0x0000000089100000| PB 0x0000000089100000| Untracked 
|  68|0x0000000089200000, 0x0000000089200000, 0x0000000089300000|  0%| F|  |TAMS 0x0000000089200000| PB 0x0000000089200000| Untracked 
|  69|0x0000000089300000, 0x0000000089300000, 0x0000000089400000|  0%| F|  |TAMS 0x0000000089300000| PB 0x0000000089300000| Untracked 
|  70|0x0000000089400000, 0x0000000089400000, 0x0000000089500000|  0%| F|  |TAMS 0x0000000089400000| PB 0x0000000089400000| Untracked 
|  71|0x0000000089500000, 0x0000000089500000, 0x0000000089600000|  0%| F|  |TAMS 0x0000000089500000| PB 0x0000000089500000| Untracked 
|  72|0x0000000089600000, 0x0000000089600000, 0x0000000089700000|  0%| F|  |TAMS 0x0000000089600000| PB 0x0000000089600000| Untracked 
|  73|0x0000000089700000, 0x0000000089700000, 0x0000000089800000|  0%| F|  |TAMS 0x0000000089700000| PB 0x0000000089700000| Untracked 
|  74|0x0000000089800000, 0x0000000089800000, 0x0000000089900000|  0%| F|  |TAMS 0x0000000089800000| PB 0x0000000089800000| Untracked 
|  75|0x0000000089900000, 0x0000000089900000, 0x0000000089a00000|  0%| F|  |TAMS 0x0000000089900000| PB 0x0000000089900000| Untracked 
|  76|0x0000000089a00000, 0x0000000089a00000, 0x0000000089b00000|  0%| F|  |TAMS 0x0000000089a00000| PB 0x0000000089a00000| Untracked 
|  77|0x0000000089b00000, 0x0000000089b00000, 0x0000000089c00000|  0%| F|  |TAMS 0x0000000089b00000| PB 0x0000000089b00000| Untracked 
|  78|0x0000000089c00000, 0x0000000089c00000, 0x0000000089d00000|  0%| F|  |TAMS 0x0000000089c00000| PB 0x0000000089c00000| Untracked 
|  79|0x0000000089d00000, 0x0000000089d00000, 0x0000000089e00000|  0%| F|  |TAMS 0x0000000089d00000| PB 0x0000000089d00000| Untracked 
|  80|0x0000000089e00000, 0x0000000089e00000, 0x0000000089f00000|  0%| F|  |TAMS 0x0000000089e00000| PB 0x0000000089e00000| Untracked 
|  81|0x0000000089f00000, 0x0000000089f00000, 0x000000008a000000|  0%| F|  |TAMS 0x0000000089f00000| PB 0x0000000089f00000| Untracked 
|  82|0x000000008a000000, 0x000000008a000000, 0x000000008a100000|  0%| F|  |TAMS 0x000000008a000000| PB 0x000000008a000000| Untracked 
|  83|0x000000008a100000, 0x000000008a100000, 0x000000008a200000|  0%| F|  |TAMS 0x000000008a100000| PB 0x000000008a100000| Untracked 
|  84|0x000000008a200000, 0x000000008a200000, 0x000000008a300000|  0%| F|  |TAMS 0x000000008a200000| PB 0x000000008a200000| Untracked 
|  85|0x000000008a300000, 0x000000008a300000, 0x000000008a400000|  0%| F|  |TAMS 0x000000008a300000| PB 0x000000008a300000| Untracked 
|  86|0x000000008a400000, 0x000000008a400000, 0x000000008a500000|  0%| F|  |TAMS 0x000000008a400000| PB 0x000000008a400000| Untracked 
|  87|0x000000008a500000, 0x000000008a500000, 0x000000008a600000|  0%| F|  |TAMS 0x000000008a500000| PB 0x000000008a500000| Untracked 
|  88|0x000000008a600000, 0x000000008a600000, 0x000000008a700000|  0%| F|  |TAMS 0x000000008a600000| PB 0x000000008a600000| Untracked 
|  89|0x000000008a700000, 0x000000008a700000, 0x000000008a800000|  0%| F|  |TAMS 0x000000008a700000| PB 0x000000008a700000| Untracked 
|  90|0x000000008a800000, 0x000000008a800000, 0x000000008a900000|  0%| F|  |TAMS 0x000000008a800000| PB 0x000000008a800000| Untracked 
|  91|0x000000008a900000, 0x000000008a900000, 0x000000008aa00000|  0%| F|  |TAMS 0x000000008a900000| PB 0x000000008a900000| Untracked 
|  92|0x000000008aa00000, 0x000000008aa00000, 0x000000008ab00000|  0%| F|  |TAMS 0x000000008aa00000| PB 0x000000008aa00000| Untracked 
|  93|0x000000008ab00000, 0x000000008ab00000, 0x000000008ac00000|  0%| F|  |TAMS 0x000000008ab00000| PB 0x000000008ab00000| Untracked 
|  94|0x000000008ac00000, 0x000000008ac00000, 0x000000008ad00000|  0%| F|  |TAMS 0x000000008ac00000| PB 0x000000008ac00000| Untracked 
|  95|0x000000008ad00000, 0x000000008ad00000, 0x000000008ae00000|  0%| F|  |TAMS 0x000000008ad00000| PB 0x000000008ad00000| Untracked 
|  96|0x000000008ae00000, 0x000000008ae00000, 0x000000008af00000|  0%| F|  |TAMS 0x000000008ae00000| PB 0x000000008ae00000| Untracked 
|  97|0x000000008af00000, 0x000000008af00000, 0x000000008b000000|  0%| F|  |TAMS 0x000000008af00000| PB 0x000000008af00000| Untracked 
|  98|0x000000008b000000, 0x000000008b000000, 0x000000008b100000|  0%| F|  |TAMS 0x000000008b000000| PB 0x000000008b000000| Untracked 
|  99|0x000000008b100000, 0x000000008b100000, 0x000000008b200000|  0%| F|  |TAMS 0x000000008b100000| PB 0x000000008b100000| Untracked 
| 100|0x000000008b200000, 0x000000008b200000, 0x000000008b300000|  0%| F|  |TAMS 0x000000008b200000| PB 0x000000008b200000| Untracked 
| 101|0x000000008b300000, 0x000000008b300000, 0x000000008b400000|  0%| F|  |TAMS 0x000000008b300000| PB 0x000000008b300000| Untracked 
| 102|0x000000008b400000, 0x000000008b400000, 0x000000008b500000|  0%| F|  |TAMS 0x000000008b400000| PB 0x000000008b400000| Untracked 
| 103|0x000000008b500000, 0x000000008b500000, 0x000000008b600000|  0%| F|  |TAMS 0x000000008b500000| PB 0x000000008b500000| Untracked 
| 104|0x000000008b600000, 0x000000008b600000, 0x000000008b700000|  0%| F|  |TAMS 0x000000008b600000| PB 0x000000008b600000| Untracked 
| 105|0x000000008b700000, 0x000000008b700000, 0x000000008b800000|  0%| F|  |TAMS 0x000000008b700000| PB 0x000000008b700000| Untracked 
| 106|0x000000008b800000, 0x000000008b800000, 0x000000008b900000|  0%| F|  |TAMS 0x000000008b800000| PB 0x000000008b800000| Untracked 
| 107|0x000000008b900000, 0x000000008b900000, 0x000000008ba00000|  0%| F|  |TAMS 0x000000008b900000| PB 0x000000008b900000| Untracked 
| 108|0x000000008ba00000, 0x000000008ba00000, 0x000000008bb00000|  0%| F|  |TAMS 0x000000008ba00000| PB 0x000000008ba00000| Untracked 
| 109|0x000000008bb00000, 0x000000008bb764f0, 0x000000008bc00000| 46%| E|  |TAMS 0x000000008bb00000| PB 0x000000008bb00000| Complete 
| 110|0x000000008bc00000, 0x000000008bd00000, 0x000000008bd00000|100%| E|CS|TAMS 0x000000008bc00000| PB 0x000000008bc00000| Complete 
| 111|0x000000008bd00000, 0x000000008be00000, 0x000000008be00000|100%| E|CS|TAMS 0x000000008bd00000| PB 0x000000008bd00000| Complete 
| 112|0x000000008be00000, 0x000000008bf00000, 0x000000008bf00000|100%| E|CS|TAMS 0x000000008be00000| PB 0x000000008be00000| Complete 
| 113|0x000000008bf00000, 0x000000008c000000, 0x000000008c000000|100%| E|  |TAMS 0x000000008bf00000| PB 0x000000008bf00000| Complete 
| 114|0x000000008c000000, 0x000000008c100000, 0x000000008c100000|100%| E|CS|TAMS 0x000000008c000000| PB 0x000000008c000000| Complete 
| 115|0x000000008c100000, 0x000000008c200000, 0x000000008c200000|100%| E|CS|TAMS 0x000000008c100000| PB 0x000000008c100000| Complete 
| 116|0x000000008c200000, 0x000000008c300000, 0x000000008c300000|100%| E|CS|TAMS 0x000000008c200000| PB 0x000000008c200000| Complete 
| 117|0x000000008c300000, 0x000000008c400000, 0x000000008c400000|100%| E|CS|TAMS 0x000000008c300000| PB 0x000000008c300000| Complete 
| 118|0x000000008c400000, 0x000000008c500000, 0x000000008c500000|100%| E|CS|TAMS 0x000000008c400000| PB 0x000000008c400000| Complete 
| 119|0x000000008c500000, 0x000000008c600000, 0x000000008c600000|100%| E|CS|TAMS 0x000000008c500000| PB 0x000000008c500000| Complete 
| 120|0x000000008c600000, 0x000000008c700000, 0x000000008c700000|100%| E|CS|TAMS 0x000000008c600000| PB 0x000000008c600000| Complete 
| 121|0x000000008c700000, 0x000000008c800000, 0x000000008c800000|100%| E|CS|TAMS 0x000000008c700000| PB 0x000000008c700000| Complete 
| 122|0x000000008c800000, 0x000000008c900000, 0x000000008c900000|100%| E|CS|TAMS 0x000000008c800000| PB 0x000000008c800000| Complete 
| 123|0x000000008c900000, 0x000000008ca00000, 0x000000008ca00000|100%| E|CS|TAMS 0x000000008c900000| PB 0x000000008c900000| Complete 

Card table byte_map: [0x0000028b9a7d0000,0x0000028b9abb0000] _byte_map_base: 0x0000028b9a3a9000

Marking Bits: (CMBitMap*) 0x0000028b82ca5d70
 Bits: [0x0000028b9abb0000, 0x0000028b9ca78000)

Polling page: 0x0000028b80bc0000

Metaspace:

Usage:
  Non-class:      5.28 MB used.
      Class:    380.95 KB used.
       Both:      5.65 MB used.

Virtual space:
  Non-class space:       64.00 MB reserved,       5.38 MB (  8%) committed,  1 nodes.
      Class space:        1.00 GB reserved,     512.00 KB ( <1%) committed,  1 nodes.
             Both:        1.06 GB reserved,       5.88 MB ( <1%) committed. 

Chunk freelists:
   Non-Class:  8.59 MB
       Class:  15.50 MB
        Both:  24.09 MB

MaxMetaspaceSize: unlimited
CompressedClassSpaceSize: 1.00 GB
Initial GC threshold: 21.00 MB
Current GC threshold: 21.00 MB
CDS: on
 - commit_granule_bytes: 65536.
 - commit_granule_words: 8192.
 - virtual_space_node_default_size: 8388608.
 - enlarge_chunks_in_place: 1.
 - use_allocation_guard: 0.


Internal statistics:

num_allocs_failed_limit: 0.
num_arena_births: 70.
num_arena_deaths: 0.
num_vsnodes_births: 2.
num_vsnodes_deaths: 0.
num_space_committed: 92.
num_space_uncommitted: 0.
num_chunks_returned_to_freelist: 0.
num_chunks_taken_from_freelist: 226.
num_chunk_merges: 0.
num_chunk_splits: 151.
num_chunks_enlarged: 118.
num_inconsistent_stats: 0.

CodeHeap 'non-profiled nmethods': size=120000Kb used=410Kb max_used=410Kb free=119589Kb
 bounds [0x0000028b92b80000, 0x0000028b92df0000, 0x0000028b9a0b0000]
CodeHeap 'profiled nmethods': size=120000Kb used=1897Kb max_used=1897Kb free=118102Kb
 bounds [0x0000028b8b0b0000, 0x0000028b8b320000, 0x0000028b925e0000]
CodeHeap 'non-nmethods': size=5760Kb used=2456Kb max_used=2475Kb free=3303Kb
 bounds [0x0000028b925e0000, 0x0000028b92850000, 0x0000028b92b80000]
 total_blobs=2214 nmethods=1118 adapters=1001
 compilation: enabled
              stopped_count=0, restarted_count=0
 full_count=0

Compilation events (20 events):
Event: 13.499 Thread 0x0000028b9f51dd60 1109       4       com.badlogic.gdx.utils.Array::iterator (43 bytes)
Event: 13.502 Thread 0x0000028b9f51dd60 nmethod 1109 0x0000028b92be5590 code [0x0000028b92be5720, 0x0000028b92be5868]
Event: 13.502 Thread 0x0000028b9f51dd60 1110       4       com.badlogic.gdx.utils.Array$ArrayIterable::iterator (135 bytes)
Event: 13.504 Thread 0x0000028b9f51dd60 nmethod 1110 0x0000028b92be5990 code [0x0000028b92be5b20, 0x0000028b92be5c48]
Event: 13.549 Thread 0x0000028b9f51dd60 1111       4       com.badlogic.gdx.graphics.glutils.ShaderProgram::setVertexAttribute (26 bytes)
Event: 13.552 Thread 0x0000028b9f51dd60 nmethod 1111 0x0000028b92be5d90 code [0x0000028b92be5f40, 0x0000028b92be60b8]
Event: 13.616 Thread 0x0000028b9f51e670 1112       3       org.lwjgl.system.MemoryUtil::memGetInt (9 bytes)
Event: 13.616 Thread 0x0000028b9f51e670 nmethod 1112 0x0000028b8b288490 code [0x0000028b8b288640, 0x0000028b8b288810]
Event: 13.620 Thread 0x0000028b9f51e670 1113       3       java.lang.Class::getComponentType (14 bytes)
Event: 13.620 Thread 0x0000028b9f51e670 nmethod 1113 0x0000028b8b288910 code [0x0000028b8b288ac0, 0x0000028b8b288c78]
Event: 13.620 Thread 0x0000028b9f51e670 1114       3       jdk.internal.org.objectweb.asm.SymbolTable::addType (81 bytes)
Event: 13.621 Thread 0x0000028b9f51e670 nmethod 1114 0x0000028b8b288d10 code [0x0000028b8b288f20, 0x0000028b8b289478]
Event: 13.622 Thread 0x0000028b9f51e670 1115       3       java.util.HashMap$HashIterator::hasNext (13 bytes)
Event: 13.622 Thread 0x0000028b9f51e670 nmethod 1115 0x0000028b8b289710 code [0x0000028b8b2898a0, 0x0000028b8b289a08]
Event: 13.622 Thread 0x0000028b9f51e670 1116       3       java.util.Arrays::copyOf (40 bytes)
Event: 13.623 Thread 0x0000028b9f51e670 nmethod 1116 0x0000028b8b289a90 code [0x0000028b8b289ca0, 0x0000028b8b28a370]
Event: 13.623 Thread 0x0000028b9f51e670 1117       1       java.lang.Module::getDescriptor (5 bytes)
Event: 13.623 Thread 0x0000028b9f51e670 nmethod 1117 0x0000028b92be6290 code [0x0000028b92be6420, 0x0000028b92be64e8]
Event: 13.623 Thread 0x0000028b9f51e670 1118       1       java.lang.module.ModuleDescriptor::provides (5 bytes)
Event: 13.623 Thread 0x0000028b9f51e670 nmethod 1118 0x0000028b92be6590 code [0x0000028b92be6720, 0x0000028b92be67e8]

GC Heap History (0 events):
No events

Dll operation events (9 events):
Event: 0.007 Loaded shared library C:\Program Files\Java\jdk-21\bin\java.dll
Event: 0.038 Loaded shared library C:\Program Files\Java\jdk-21\bin\jsvml.dll
Event: 0.092 Loaded shared library C:\Program Files\Java\jdk-21\bin\net.dll
Event: 0.093 Loaded shared library C:\Program Files\Java\jdk-21\bin\nio.dll
Event: 0.096 Loaded shared library C:\Program Files\Java\jdk-21\bin\zip.dll
Event: 0.158 Loaded shared library C:\Program Files\Java\jdk-21\bin\jimage.dll
Event: 0.163 Loaded shared library C:\ProgramData\libGDX-temp\libgdxcamst\2a9d7f76\gdx64.dll
Event: 0.224 Loaded shared library C:\ProgramData\libGDX-temp\lwjgl_camst\3.3.3+5\x64\lwjgl.dll
Event: 1.051 Loaded shared library C:\ProgramData\libGDX-temp\lwjgl_camst\3.3.3+5\x64\lwjgl_opengl.dll

Deoptimization events (20 events):
Event: 0.173 Thread 0x0000028b809c6140 DEOPT PACKING pc=0x0000028b92b8fdf4 sp=0x000000e0c7dfae80
Event: 0.173 Thread 0x0000028b809c6140 DEOPT UNPACKING pc=0x0000028b92637da2 sp=0x000000e0c7dfadb8 mode 2
Event: 0.207 Thread 0x0000028b809c6140 Uncommon trap: trap_request=0xffffff45 fr.pc=0x0000028b92b8dc6c relative=0x000000000000004c
Event: 0.207 Thread 0x0000028b809c6140 Uncommon trap: reason=unstable_if action=reinterpret pc=0x0000028b92b8dc6c method=sun.nio.fs.WindowsPathParser.isSlash(C)Z @ 9 c2
Event: 0.207 Thread 0x0000028b809c6140 DEOPT PACKING pc=0x0000028b92b8dc6c sp=0x000000e0c7dfb6c0
Event: 0.207 Thread 0x0000028b809c6140 DEOPT UNPACKING pc=0x0000028b92637da2 sp=0x000000e0c7dfb648 mode 2
Event: 0.359 Thread 0x0000028b809c6140 DEOPT PACKING pc=0x0000028b8b0deef7 sp=0x000000e0c7dfae50
Event: 0.359 Thread 0x0000028b809c6140 DEOPT UNPACKING pc=0x0000028b926388e2 sp=0x000000e0c7dfa2a0 mode 0
Event: 0.370 Thread 0x0000028b809c6140 Uncommon trap: trap_request=0xffffff6e fr.pc=0x0000028b92bb4990 relative=0x0000000000000450
Event: 0.372 Thread 0x0000028b809c6140 Uncommon trap: reason=loop_limit_check action=maybe_recompile pc=0x0000028b92bb4990 method=java.lang.StringLatin1.indexOf([BI[BII)I @ 37 c2
Event: 0.372 Thread 0x0000028b809c6140 DEOPT PACKING pc=0x0000028b92bb4990 sp=0x000000e0c7dfded0
Event: 0.372 Thread 0x0000028b809c6140 DEOPT UNPACKING pc=0x0000028b92637da2 sp=0x000000e0c7dfde30 mode 2
Event: 0.935 Thread 0x0000028b809c6140 DEOPT PACKING pc=0x0000028b8b0df549 sp=0x000000e0c7df91c0
Event: 0.935 Thread 0x0000028b809c6140 DEOPT UNPACKING pc=0x0000028b926388e2 sp=0x000000e0c7df8638 mode 0
Event: 1.334 Thread 0x0000028b809c6140 DEOPT PACKING pc=0x0000028b8b104385 sp=0x000000e0c7dfa9d0
Event: 1.334 Thread 0x0000028b809c6140 DEOPT UNPACKING pc=0x0000028b926388e2 sp=0x000000e0c7df9e40 mode 0
Event: 11.033 Thread 0x0000028b809c6140 DEOPT PACKING pc=0x0000028b8b25fbcf sp=0x000000e0c7dff110
Event: 11.033 Thread 0x0000028b809c6140 DEOPT UNPACKING pc=0x0000028b926388e2 sp=0x000000e0c7dfe5f0 mode 0
Event: 11.716 Thread 0x0000028b809c6140 DEOPT PACKING pc=0x0000028b8b25eb1f sp=0x000000e0c7dff130
Event: 11.716 Thread 0x0000028b809c6140 DEOPT UNPACKING pc=0x0000028b926388e2 sp=0x000000e0c7dfe5e8 mode 0

Classes loaded (20 events):
Event: 13.623 Loading class jdk/internal/logger/AbstractLoggerWrapper
Event: 13.623 Loading class jdk/internal/logger/AbstractLoggerWrapper done
Event: 13.623 Loading class jdk/internal/logger/LazyLoggers$LazyLoggerWrapper done
Event: 13.623 Loading class jdk/internal/logger/LazyLoggers$JdkLazyLogger done
Event: 13.623 Loading class jdk/internal/logger/LazyLoggers$LazyLoggerAccessor
Event: 13.623 Loading class jdk/internal/logger/LazyLoggers$LoggerAccessor
Event: 13.624 Loading class jdk/internal/logger/LazyLoggers$LoggerAccessor done
Event: 13.624 Loading class jdk/internal/logger/LazyLoggers$LazyLoggerAccessor done
Event: 13.624 Loading class java/lang/System$Logger$Level
Event: 13.624 Loading class java/lang/System$Logger$Level done
Event: 13.624 Loading class jdk/internal/logger/SurrogateLogger
Event: 13.624 Loading class jdk/internal/logger/SimpleConsoleLogger
Event: 13.624 Loading class sun/util/logging/PlatformLogger$ConfigurableBridge$LoggerConfiguration
Event: 13.624 Loading class sun/util/logging/PlatformLogger$ConfigurableBridge$LoggerConfiguration done
Event: 13.624 Loading class jdk/internal/logger/SimpleConsoleLogger done
Event: 13.624 Loading class jdk/internal/logger/SurrogateLogger done
Event: 13.624 Loading class sun/util/logging/PlatformLogger
Event: 13.624 Loading class sun/util/logging/PlatformLogger done
Event: 13.624 Loading class sun/util/logging/PlatformLogger$Level
Event: 13.625 Loading class sun/util/logging/PlatformLogger$Level done

Classes unloaded (0 events):
No events

Classes redefined (0 events):
No events

Internal exceptions (20 events):
Event: 0.285 Thread 0x0000028b809c6140 Exception <a 'java/lang/NoSuchMethodError'{0x000000008c335770}: 'java.lang.Object java.lang.invoke.DirectMethodHandle$Holder.newInvokeSpecial(java.lang.Object, java.lang.Object, int)'> (0x000000008c335770) 
thrown [s\open\src\hotspot\share\interpreter\linkResolver.cpp, line 773]
Event: 0.287 Thread 0x0000028b809c6140 Exception <a 'java/lang/NoSuchMethodError'{0x000000008c346e20}: 'int java.lang.invoke.DirectMethodHandle$Holder.invokeStaticInit(java.lang.Object, java.lang.Object, long, long)'> (0x000000008c346e20) 
thrown [s\open\src\hotspot\share\interpreter\linkResolver.cpp, line 773]
Event: 0.287 Thread 0x0000028b809c6140 Exception <a 'java/lang/NoSuchMethodError'{0x000000008c34c688}: 'java.lang.Object java.lang.invoke.DirectMethodHandle$Holder.newInvokeSpecial(java.lang.Object, java.lang.Object, long)'> (0x000000008c34c688) 
thrown [s\open\src\hotspot\share\interpreter\linkResolver.cpp, line 773]
Event: 0.288 Thread 0x0000028b809c6140 Exception <a 'java/lang/NoSuchMethodError'{0x000000008c350440}: 'java.lang.Object java.lang.invoke.Invokers$Holder.linkToTargetMethod(java.lang.Object, long, java.lang.Object)'> (0x000000008c350440) 
thrown [s\open\src\hotspot\share\interpreter\linkResolver.cpp, line 773]
Event: 0.288 Thread 0x0000028b809c6140 Exception <a 'java/lang/NoSuchMethodError'{0x000000008c357500}: 'int java.lang.invoke.DirectMethodHandle$Holder.invokeStaticInit(java.lang.Object, java.lang.Object, java.lang.Object, long)'> (0x000000008c357500) 
thrown [s\open\src\hotspot\share\interpreter\linkResolver.cpp, line 773]
Event: 0.306 Thread 0x0000028b809c6140 Exception <a 'sun/nio/fs/WindowsException'{0x000000008c3dfa70}> (0x000000008c3dfa70) 
thrown [s\open\src\hotspot\share\prims\jni.cpp, line 520]
Event: 0.306 Thread 0x0000028b809c6140 Exception <a 'sun/nio/fs/WindowsException'{0x000000008c3dfdd0}> (0x000000008c3dfdd0) 
thrown [s\open\src\hotspot\share\prims\jni.cpp, line 520]
Event: 0.331 Thread 0x0000028b809c6140 Exception <a 'sun/nio/fs/WindowsException'{0x000000008c28c0b8}> (0x000000008c28c0b8) 
thrown [s\open\src\hotspot\share\prims\jni.cpp, line 520]
Event: 0.331 Thread 0x0000028b809c6140 Exception <a 'sun/nio/fs/WindowsException'{0x000000008c28c3e8}> (0x000000008c28c3e8) 
thrown [s\open\src\hotspot\share\prims\jni.cpp, line 520]
Event: 0.335 Thread 0x0000028b809c6140 Exception <a 'java/lang/NoSuchMethodError'{0x000000008c2934d8}: 'int java.lang.invoke.Invokers$Holder.invokeExact_MT(java.lang.Object, java.lang.Object)'> (0x000000008c2934d8) 
thrown [s\open\src\hotspot\share\interpreter\linkResolver.cpp, line 773]
Event: 0.388 Thread 0x0000028b809c6140 Exception <a 'sun/nio/fs/WindowsException'{0x000000008c158018}> (0x000000008c158018) 
thrown [s\open\src\hotspot\share\prims\jni.cpp, line 520]
Event: 0.388 Thread 0x0000028b809c6140 Exception <a 'sun/nio/fs/WindowsException'{0x000000008c158368}> (0x000000008c158368) 
thrown [s\open\src\hotspot\share\prims\jni.cpp, line 520]
Event: 0.897 Thread 0x0000028b809c6140 Exception <a 'java/lang/NoSuchMethodError'{0x000000008c1968f0}: 'java.lang.Object java.lang.invoke.DirectMethodHandle$Holder.newInvokeSpecial(java.lang.Object, long)'> (0x000000008c1968f0) 
thrown [s\open\src\hotspot\share\interpreter\linkResolver.cpp, line 773]
Event: 1.038 Thread 0x0000028b809c6140 Exception <a 'java/lang/NoSuchMethodError'{0x000000008bf34838}: 'void java.lang.invoke.DirectMethodHandle$Holder.invokeStatic(java.lang.Object, long)'> (0x000000008bf34838) 
thrown [s\open\src\hotspot\share\interpreter\linkResolver.cpp, line 773]
Event: 1.045 Thread 0x0000028b809c6140 Exception <a 'java/lang/NoSuchMethodError'{0x000000008bf565e0}: 'void java.lang.System.load(java.lang.String, java.lang.Class)'> (0x000000008bf565e0) 
thrown [s\open\src\hotspot\share\interpreter\linkResolver.cpp, line 773]
Event: 1.045 Thread 0x0000028b809c6140 Exception <a 'java/lang/NoSuchMethodError'{0x000000008bf58f80}: 'void java.lang.System.loadLibrary(java.lang.String, java.lang.Class)'> (0x000000008bf58f80) 
thrown [s\open\src\hotspot\share\interpreter\linkResolver.cpp, line 773]
Event: 1.050 Thread 0x0000028b809c6140 Exception <a 'sun/nio/fs/WindowsException'{0x000000008bf69ed8}> (0x000000008bf69ed8) 
thrown [s\open\src\hotspot\share\prims\jni.cpp, line 520]
Event: 1.050 Thread 0x0000028b809c6140 Exception <a 'sun/nio/fs/WindowsException'{0x000000008bf6a250}> (0x000000008bf6a250) 
thrown [s\open\src\hotspot\share\prims\jni.cpp, line 520]
Event: 1.054 Thread 0x0000028b809c6140 Exception <a 'sun/nio/fs/WindowsException'{0x000000008bf769e0}> (0x000000008bf769e0) 
thrown [s\open\src\hotspot\share\prims\jni.cpp, line 520]
Event: 1.054 Thread 0x0000028b809c6140 Exception <a 'sun/nio/fs/WindowsException'{0x000000008bf76c90}> (0x000000008bf76c90) 
thrown [s\open\src\hotspot\share\prims\jni.cpp, line 520]

ZGC Phase Switch (0 events):
No events

VM Operations (13 events):
Event: 0.101 Executing VM operation: HandshakeAllThreads (Deoptimize)
Event: 0.101 Executing VM operation: HandshakeAllThreads (Deoptimize) done
Event: 0.160 Executing VM operation: HandshakeAllThreads (Deoptimize)
Event: 0.160 Executing VM operation: HandshakeAllThreads (Deoptimize) done
Event: 0.195 Executing VM operation: HandshakeAllThreads (Deoptimize)
Event: 0.195 Executing VM operation: HandshakeAllThreads (Deoptimize) done
Event: 1.205 Executing VM operation: Cleanup
Event: 1.206 Executing VM operation: Cleanup done
Event: 2.220 Executing VM operation: Cleanup
Event: 2.220 Executing VM operation: Cleanup done
Event: 13.227 Executing VM operation: Cleanup
Event: 13.227 Executing VM operation: Cleanup done
Event: 13.625 Executing VM operation: Exit

Events (15 events):
Event: 0.023 Thread 0x0000028b809c6140 Thread added: 0x0000028b809c6140
Event: 0.036 Thread 0x0000028b9f4eeae0 Thread added: 0x0000028b9f4eeae0
Event: 0.036 Thread 0x0000028b9f4ef540 Thread added: 0x0000028b9f4ef540
Event: 0.036 Thread 0x0000028b9f4f2430 Thread added: 0x0000028b9f4f2430
Event: 0.036 Thread 0x0000028b9f4f3300 Thread added: 0x0000028b9f4f3300
Event: 0.036 Thread 0x0000028b9f4f5f00 Thread added: 0x0000028b9f4f5f00
Event: 0.036 Thread 0x0000028b9f4f76b0 Thread added: 0x0000028b9f4f76b0
Event: 0.036 Thread 0x0000028b9f51dd60 Thread added: 0x0000028b9f51dd60
Event: 0.036 Thread 0x0000028b9f51e670 Thread added: 0x0000028b9f51e670
Event: 0.082 Thread 0x0000028b9f7da3d0 Thread added: 0x0000028b9f7da3d0
Event: 0.085 Thread 0x0000028b9f7e2bf0 Thread added: 0x0000028b9f7e2bf0
Event: 0.128 Thread 0x0000028b9f8746c0 Thread added: 0x0000028b9f8746c0
Event: 0.896 Thread 0x0000028b9f8746c0 Thread exited: 0x0000028b9f8746c0
Event: 0.912 Thread 0x0000028be712be50 Thread added: 0x0000028be712be50
Event: 1.507 Thread 0x0000028be784db30 Thread added: 0x0000028be784db30


Dynamic libraries:
0x00007ff7405e0000 - 0x00007ff7405f0000 	C:\Program Files\Java\jdk-21\bin\java.exe
0x00007fffc1180000 - 0x00007fffc13e3000 	C:\WINDOWS\SYSTEM32\ntdll.dll
0x00007fffc0690000 - 0x00007fffc0757000 	C:\WINDOWS\System32\KERNEL32.DLL
0x00007fffbe5c0000 - 0x00007fffbe987000 	C:\WINDOWS\System32\KERNELBASE.dll
0x00007fffbee70000 - 0x00007fffbefbc000 	C:\WINDOWS\System32\ucrtbase.dll
0x00007fffb3d90000 - 0x00007fffb3da9000 	C:\Program Files\Java\jdk-21\bin\jli.dll
0x00007fffb3780000 - 0x00007fffb379b000 	C:\Program Files\Java\jdk-21\bin\VCRUNTIME140.dll
0x00007fffbf6e0000 - 0x00007fffbf794000 	C:\WINDOWS\System32\ADVAPI32.dll
0x00007fffc0300000 - 0x00007fffc03a9000 	C:\WINDOWS\System32\msvcrt.dll
0x00007fffbf920000 - 0x00007fffbf9c6000 	C:\WINDOWS\System32\sechost.dll
0x00007fffbf800000 - 0x00007fffbf916000 	C:\WINDOWS\System32\RPCRT4.dll
0x00007fffc09a0000 - 0x00007fffc0b69000 	C:\WINDOWS\System32\USER32.dll
0x00007fffbec60000 - 0x00007fffbec87000 	C:\WINDOWS\System32\win32u.dll
0x00007fffc1090000 - 0x00007fffc10ba000 	C:\WINDOWS\System32\GDI32.dll
0x00007fffbec90000 - 0x00007fffbedbb000 	C:\WINDOWS\System32\gdi32full.dll
0x00007fffbedc0000 - 0x00007fffbee63000 	C:\WINDOWS\System32\msvcp_win.dll
0x00007fff9bae0000 - 0x00007fff9bd70000 	C:\WINDOWS\WinSxS\amd64_microsoft.windows.common-controls_6595b64144ccf1df_6.0.26100.3037_none_3e09262ce333c378\COMCTL32.dll
0x00007fffaf9a0000 - 0x00007fffaf9ab000 	C:\WINDOWS\SYSTEM32\VERSION.dll
0x00007fffc0120000 - 0x00007fffc014f000 	C:\WINDOWS\System32\IMM32.DLL
0x00007fffb3a30000 - 0x00007fffb3a3c000 	C:\Program Files\Java\jdk-21\bin\vcruntime140_1.dll
0x00007fffa30f0000 - 0x00007fffa317e000 	C:\Program Files\Java\jdk-21\bin\msvcp140.dll
0x00007fff60ce0000 - 0x00007fff619f7000 	C:\Program Files\Java\jdk-21\bin\server\jvm.dll
0x00007fffc10c0000 - 0x00007fffc1134000 	C:\WINDOWS\System32\WS2_32.dll
0x00007fffbddf0000 - 0x00007fffbde3e000 	C:\WINDOWS\SYSTEM32\POWRPROF.dll
0x00007fff8e480000 - 0x00007fff8e4b6000 	C:\WINDOWS\SYSTEM32\WINMM.dll
0x00007fffbddd0000 - 0x00007fffbdde4000 	C:\WINDOWS\SYSTEM32\UMPDC.dll
0x00007fffbd350000 - 0x00007fffbd36a000 	C:\WINDOWS\SYSTEM32\kernel.appcore.dll
0x00007fffb3770000 - 0x00007fffb377a000 	C:\Program Files\Java\jdk-21\bin\jimage.dll
0x00007fffbbd90000 - 0x00007fffbbfd1000 	C:\WINDOWS\SYSTEM32\DBGHELP.DLL
0x00007fffc0d00000 - 0x00007fffc107e000 	C:\WINDOWS\System32\combase.dll
0x00007fffc0c20000 - 0x00007fffc0cf6000 	C:\WINDOWS\System32\OLEAUT32.dll
0x00007fffac680000 - 0x00007fffac6b9000 	C:\WINDOWS\SYSTEM32\dbgcore.DLL
0x00007fffbe520000 - 0x00007fffbe5b9000 	C:\WINDOWS\System32\bcryptPrimitives.dll
0x00007fffb1870000 - 0x00007fffb188f000 	C:\Program Files\Java\jdk-21\bin\java.dll
0x00007fffbfa10000 - 0x00007fffc0114000 	C:\WINDOWS\System32\SHELL32.dll
0x00007fffbc240000 - 0x00007fffbca77000 	C:\WINDOWS\SYSTEM32\windows.storage.dll
0x00007fffbefc0000 - 0x00007fffbf0a9000 	C:\WINDOWS\System32\SHCORE.dll
0x00007fffbf7a0000 - 0x00007fffbf7fd000 	C:\WINDOWS\System32\shlwapi.dll
0x00007fffbe430000 - 0x00007fffbe45e000 	C:\WINDOWS\SYSTEM32\profapi.dll
0x00007fff9d840000 - 0x00007fff9d917000 	C:\Program Files\Java\jdk-21\bin\jsvml.dll
0x00007fffab070000 - 0x00007fffab080000 	C:\Program Files\Java\jdk-21\bin\net.dll
0x00007fffb6660000 - 0x00007fffb677e000 	C:\WINDOWS\SYSTEM32\WINHTTP.dll
0x00007fffbd860000 - 0x00007fffbd8c8000 	C:\WINDOWS\system32\mswsock.dll
0x00007fffab050000 - 0x00007fffab066000 	C:\Program Files\Java\jdk-21\bin\nio.dll
0x00007fffab080000 - 0x00007fffab098000 	C:\Program Files\Java\jdk-21\bin\zip.dll
0x000000006e700000 - 0x000000006e72d000 	C:\ProgramData\libGDX-temp\libgdxcamst\2a9d7f76\gdx64.dll
0x00007fffae2e0000 - 0x00007fffae35b000 	C:\ProgramData\libGDX-temp\lwjgl_camst\3.3.3+5\x64\lwjgl.dll
0x00007fffa69c0000 - 0x00007fffa6c30000 	C:\ProgramData\libGDX-temp\lwjgl_camst\3.3.3+5\x64\jemalloc.dll
0x00007fffae250000 - 0x00007fffae2d2000 	C:\ProgramData\libGDX-temp\lwjgl_camst\3.3.3+5\x64\glfw.dll
0x00007fffae200000 - 0x00007fffae24b000 	C:\WINDOWS\SYSTEM32\dinput8.dll
0x00007fffb8430000 - 0x00007fffb8442000 	C:\WINDOWS\SYSTEM32\xinput1_4.dll
0x00007fffbe180000 - 0x00007fffbe1df000 	C:\WINDOWS\SYSTEM32\cfgmgr32.dll
0x00007fffbe1f0000 - 0x00007fffbe21d000 	C:\WINDOWS\SYSTEM32\DEVOBJ.dll
0x00007fffbb790000 - 0x00007fffbb7be000 	C:\WINDOWS\SYSTEM32\dwmapi.dll
0x00007fffad4f0000 - 0x00007fffad6ce000 	C:\WINDOWS\SYSTEM32\inputhost.dll
0x00007fffb69c0000 - 0x00007fffb6ae5000 	C:\WINDOWS\SYSTEM32\CoreMessaging.dll
0x00007fffbb280000 - 0x00007fffbb32d000 	C:\WINDOWS\system32\uxtheme.dll
0x00007fffbf580000 - 0x00007fffbf6dc000 	C:\WINDOWS\System32\MSCTF.dll
0x00007fffbdb20000 - 0x00007fffbdb2c000 	C:\WINDOWS\SYSTEM32\CRYPTBASE.DLL
0x00007fff81670000 - 0x00007fff81837000 	C:\ProgramData\libGDX-temp\lwjgl_camst\3.3.3+5\x64\OpenAL.dll
0x00007fffc0160000 - 0x00007fffc02f5000 	C:\WINDOWS\System32\ole32.dll
0x00007fffc0b70000 - 0x00007fffc0c18000 	C:\WINDOWS\System32\clbcatq.dll
0x00007fffb3f20000 - 0x00007fffb3fb2000 	C:\WINDOWS\System32\MMDevApi.dll
0x00007fff927e0000 - 0x00007fff9299e000 	C:\WINDOWS\SYSTEM32\AUDIOSES.DLL
0x00007fffbba20000 - 0x00007fffbba34000 	C:\WINDOWS\SYSTEM32\resourcepolicyclient.dll
0x00007fffab3d0000 - 0x00007fffab4dc000 	C:\WINDOWS\SYSTEM32\opengl32.dll
0x00007fffb1ba0000 - 0x00007fffb1bcd000 	C:\WINDOWS\SYSTEM32\GLU32.dll
0x00007fffbb390000 - 0x00007fffbb3d7000 	C:\WINDOWS\SYSTEM32\dxcore.dll
0x00007fffbb3e0000 - 0x00007fffbb43c000 	C:\WINDOWS\SYSTEM32\directxdatabasehelper.dll
0x00007fffa8e60000 - 0x00007fffa8e7a000 	C:\WINDOWS\SYSTEM32\windows.staterepositorycore.dll
0x00007fff3cc10000 - 0x00007fff3dc97000 	C:\WINDOWS\System32\DriverStore\FileRepository\iigd_dch.inf_amd64_e32ced29f236e322\igxelpicd64.dll
0x00007fffbb540000 - 0x00007fffbb66c000 	C:\WINDOWS\system32\dxgi.dll
0x00007fffaac50000 - 0x00007fffaad8c000 	C:\WINDOWS\System32\DriverStore\FileRepository\iigd_dch.inf_amd64_e32ced29f236e322\igdml64.dll
0x00007fff8cbd0000 - 0x00007fff8cfd9000 	C:\WINDOWS\System32\DriverStore\FileRepository\iigd_dch.inf_amd64_e32ced29f236e322\igdgmm64.dll
0x00007fffbea50000 - 0x00007fffbeacf000 	C:\WINDOWS\System32\WINTRUST.dll
0x00007fffbeae0000 - 0x00007fffbec56000 	C:\WINDOWS\System32\CRYPT32.dll
0x00007fffbdb70000 - 0x00007fffbdb83000 	C:\WINDOWS\SYSTEM32\MSASN1.dll
0x00007fff89400000 - 0x00007fff8cb94000 	C:\WINDOWS\System32\DriverStore\FileRepository\iigd_dch.inf_amd64_e32ced29f236e322\igc64.dll
0x00007fffb6590000 - 0x00007fffb6650000 	C:\WINDOWS\SYSTEM32\mscms.dll
0x00007fffae070000 - 0x00007fffae0b9000 	C:\WINDOWS\SYSTEM32\icm32.dll
0x00007fffae010000 - 0x00007fffae06e000 	C:\ProgramData\libGDX-temp\lwjgl_camst\3.3.3+5\x64\lwjgl_opengl.dll
0x00007fffa9df0000 - 0x00007fffa9f36000 	C:\WINDOWS\SYSTEM32\textinputframework.dll
0x00007fff8ff10000 - 0x00007fff901f3000 	C:\WINDOWS\SYSTEM32\CoreUIComponents.dll
0x00007fffb73a0000 - 0x00007fffb7508000 	C:\WINDOWS\SYSTEM32\wintypes.dll

dbghelp: loaded successfully - version: 4.0.5 - missing functions: none
symbol engine: initialized successfully - sym options: 0x614 - pdb path: .;C:\Program Files\Java\jdk-21\bin;C:\WINDOWS\SYSTEM32;C:\WINDOWS\WinSxS\amd64_microsoft.windows.common-controls_6595b64144ccf1df_6.0.26100.3037_none_3e09262ce333c378;C:\Program Files\Java\jdk-21\bin\server;C:\ProgramData\libGDX-temp\libgdxcamst\2a9d7f76;C:\ProgramData\libGDX-temp\lwjgl_camst\3.3.3+5\x64;C:\WINDOWS\System32\DriverStore\FileRepository\iigd_dch.inf_amd64_e32ced29f236e322

VM Arguments:
jvm_args: -Dfile.encoding=UTF-8 -Duser.country=GB -Duser.language=en -Duser.variant 
java_command: io.github.some_example_name.lwjgl3.Lwjgl3Launcher
java_class_path (initial): C:\Users\camst\OneDrive\Java\Comp Sci\Monster\lwjgl3\build\classes\java\main;C:\Users\camst\OneDrive\Java\Comp Sci\Monster\lwjgl3\build\resources\main;C:\Users\camst\.gradle\caches\modules-2\files-2.1\com.badlogicgames.gdx\gdx-backend-lwjgl3\1.12.1\12a144cacb34f0392cd8354f798d99e4836a51a8\gdx-backend-lwjgl3-1.12.1.jar;C:\Users\camst\.gradle\caches\modules-2\files-2.1\com.badlogicgames.gdx\gdx-platform\1.12.1\5737be5ce3a4e8f9f77c2d9ab95ab479f9c3705f\gdx-platform-1.12.1-natives-desktop.jar;C:\Users\camst\OneDrive\Java\Comp Sci\Monster\core\build\libs\core-$projectVersion.jar;C:\Users\camst\.gradle\caches\modules-2\files-2.1\com.badlogicgames.gdx\gdx\1.12.1\a2d066c09329c457045c284c42d6f37122840aa\gdx-1.12.1.jar;C:\Users\camst\.gradle\caches\modules-2\files-2.1\org.lwjgl\lwjgl-glfw\3.3.3\efa1eb78c5ccd840e9f329717109b5e892d72f8e\lwjgl-glfw-3.3.3.jar;C:\Users\camst\.gradle\caches\modules-2\files-2.1\org.lwjgl\lwjgl-glfw\3.3.3\a03684c5e4b1b1dbbe0d29dbbdc27b985b6840f2\lwjgl-glfw-3.3.3-natives-linux.jar;C:\Users\camst\.gradle\caches\modules-2\files-2.1\org.lwjgl\lwjgl-glfw\3.3.3\d9af485c32545b37dd5359b163161d42d7534dcf\lwjgl-glfw-3.3.3-natives-linux-arm32.jar;C:\Users\camst\.gradle\caches\modules-2\files-2.1\org.lwjgl\lwjgl-glfw\3.3.3\492a0f11f85b85899a6568f07511160c1b87cd38\lwjgl-glfw-3.3.3-natives-linux-arm64.jar;C:\Users\camst\.gradle\caches\modules-2\files-2.1\org.lwjgl\lwjgl-glfw\3.3.3\a1bf400f6bc64e6195596cb1430dafda46090751\lwjgl-glfw-3.3.3-natives-macos.jar;C:\Users\camst\.gradle\caches\modules-2\files-2.1\org.lwjgl\lwjgl-glfw\3.3.3\ee8cc78d0a4a5b3b4600fade6d927c9fc320c858\lwjgl-glfw-3.3.3-natives-macos-arm64.jar;C:\Users\camst\.gradle\caches\modules-2\files-2.1\org.lwjgl\lwjgl-glfw\3.3.3\e449e28b4891fc423c54c85fbc5bb0b9efece67a\lwjgl-glfw-3.3.3-natives-windows.jar;C:\Users\camst\.gradle\caches\modules-2\files-2.1\org.lwjgl\lwjgl-glfw\3.3.3\32334f3fd5270a59bad9939a93115acb6de36dcf\lwjgl-glfw-3.3.3-natives-windows-x86.jar;C:\Users\camst\.gradle\caches\modules-2\files-2.1\org.lwjgl\lwjgl-jemalloc\3.3.3\b543467b7ff3c6920539a88ee602d34098628be5\lwjgl-jemalloc-3.3.3.jar;C:\Users\camst\.gradle\caches\modules-2\files-2.1\org.lwjgl\lwjgl-jemalloc\3.3.3\4f86728bf449b1dd61251c4e0ac01df1389cb51e\lwjgl-jemalloc-3.3.3-natives-linux.jar;C:\Users\camst\.gradle\caches\modules-2\files-2.1\org.lwjgl\lwjgl-jemalloc\3.3.3\109b6931880d02d4e65ced38928a16e41d19873e\lwjgl-jemalloc-3.3.3-natives-linux-arm32.jar;C:\Users\camst\.gradle\caches\modules-2\files-2.1\org.lwjgl\lwjgl-jemalloc\3.3.3\eff8b86798191192fe2cba2dc2776109f30c239d\lwjgl-jemalloc-3.3.3-natives-linux-arm64.jar;C:\Users\camst\.gradle\caches\modules-2\files-2.1\org.lwjgl\lwjgl-jemalloc\3.3.3\2906637657a57579847238c9c72d2c4bde7083f8\lwjgl-jemalloc-3.3.3-natives-macos.jar;C:\Users\camst\.gradle\caches\modules-2\files-2.1\org.lwjgl\lwjgl-jemalloc\3.3.3\e9412c3ff8cb3a3bad1d3f52909ad74d8a5bdad1\lwjgl-jemalloc-3.3.3-natives-macos-arm64.jar;C:\Users\camst\.gradle\caches\modules-2\files-2.1\org.lwjgl\lwjgl-jemalloc\3.3.3\426222fc027602a5f21b9c0fe79cde6a4c7a011f\lwjgl-jemalloc-3.3.3-natives-windows.jar;C:\Users\camst\.gradle\caches\modules-2\files-2.1\org.lwjgl\lwjgl-jemalloc\3.3.3\f6063b6e0f23be483c5c88d84ce51b39dc69126c\lwjgl-jemalloc-3.3.3-natives-windows-x86.jar;C:\Users\camst\.gradle\caches\modules-2\files-2.1\org.lwjgl\lwjgl-openal\3.3.3\daada81ceb5fc0c291fbfdd4433cb8d9423577f2\lwjgl-openal-3.3.3.jar;C:\Users\camst\.gradle\caches\modules-2\files-2.1\org.lwjgl\lwjgl-openal\3.3.3\3037360cc4595079bea240af250b6d1a527e0905\lwjgl-openal-3.3.3-natives-linux.jar;C:\Users\camst\.gradle\caches\modules-2\files-2.1\org.lwjgl\lwjgl-openal\3.3.3\e1702aa09d20359d6cf5cb2999fa7685a785eca7\lwjgl-openal-3.3.3-natives-linux-arm32.jar;C:\Users\camst\.gradle\caches\modules-2\files-2.1\org.lwjgl\lwjgl-openal\3.3.3\ad8f302118a65bb8d615f8a2a680db58fb8f835e\lwjgl-openal-3.3.3-natives-linux-arm64.jar;C:\Users\camst\.gradle\caches\modules-2\files-2.1\org.lwjgl\lwjgl-openal\3.3.3\8df8338bfa77f2ebabef4e58964bd04d24805cbf\lwjgl-openal-3.3.3-natives-macos.jar;C:\Users\camst\.gradle\caches\modules-2\files-2.1\org.lwjgl\lwjgl-openal\3.3.3\c78b078de2fb52f45aa55d04db889a560f3544f\lwjgl-openal-3.3.3-natives-macos-arm64.jar;C:\Users\camst\.gradle\caches\modules-2\files-2.1\org.lwjgl\lwjgl-openal\3.3.3\cf83862ae95d98496b26915024c7e666d8ab1c8f\lwjgl-openal-3.3.3-natives-windows.jar;C:\Users\camst\.gradle\caches\modules-2\files-2.1\org.lwjgl\lwjgl-openal\3.3.3\87b8d5050e3adb46bb58fe1cb2669a4a48fce10d\lwjgl-openal-3.3.3-natives-windows-x86.jar;C:\Users\camst\.gradle\caches\modules-2\files-2.1\org.lwjgl\lwjgl-opengl\3.3.3\2f6b0147078396a58979125a4c947664e98293a\lwjgl-opengl-3.3.3.jar;C:\Users\camst\.gradle\caches\modules-2\files-2.1\org.lwjgl\lwjgl-opengl\3.3.3\62c70a4b00ca5391882b0f4b787c1588d24f1c86\lwjgl-opengl-3.3.3-natives-linux.jar;C:\Users\camst\.gradle\caches\modules-2\files-2.1\org.lwjgl\lwjgl-opengl\3.3.3\dbba17fc5ac0985d14a57c11f9537617d67b9952\lwjgl-opengl-3.3.3-natives-linux-arm32.jar;C:\Users\camst\.gradle\caches\modules-2\files-2.1\org.lwjgl\lwjgl-opengl\3.3.3\2096f6b94b2d68745d858fbfe53aacf5f0c8074c\lwjgl-opengl-3.3.3-natives-linux-arm64.jar;C:\Users\camst\.gradle\caches\modules-2\files-2.1\org.lwjgl\lwjgl-opengl\3.3.3\1bd45997551ae8a28469f3a2b678f4b7289e12c0\lwjgl-opengl-3.3.3-natives-macos.jar;C:\Users\camst\.gradle\caches\modules-2\files-2.1\org.lwjgl\lwjgl-opengl\3.3.3\d213ddef27637b1af87961ffa94d6b27036becc8\lwjgl-opengl-3.3.3-natives-macos-arm64.jar;C:\Users\camst\.gradle\caches\modules-2\files-2.1\org.lwjgl\lwjgl-opengl\3.3.3\e6c1eec8be8a71951b830a4d69efc01c6531900c\lwjgl-opengl-3.3.3-natives-windows.jar;C:\Users\camst\.gradle\caches\modules-2\files-2.1\org.lwjgl\lwjgl-opengl\3.3.3\d32d833dcaa2f355a886eaf21f0408b5f03241d\lwjgl-opengl-3.3.3-natives-windows-x86.jar;C:\Users\camst\.gradle\caches\modules-2\files-2.1\org.lwjgl\lwjgl-stb\3.3.3\25dd6161988d7e65f71d5065c99902402ee32746\lwjgl-stb-3.3.3.jar;C:\Users\camst\.gradle\caches\modules-2\files-2.1\org.lwjgl\lwjgl-stb\3.3.3\fd1271ccd9d85eff2fa31f3fd543e02ccfaf5041\lwjgl-stb-3.3.3-natives-linux.jar;C:\Users\camst\.gradle\caches\modules-2\files-2.1\org.lwjgl\lwjgl-stb\3.3.3\1ae28ff044699ff29b0e980ffabd73fba8a664b3\lwjgl-stb-3.3.3-natives-linux-arm32.jar;C:\Users\camst\.gradle\caches\modules-2\files-2.1\org.lwjgl\lwjgl-stb\3.3.3\ddc177afc2be1ee8d93684b11363b80589a13fe1\lwjgl-stb-3.3.3-natives-linux-arm64.jar;C:\Users\camst\.gradle\caches\modules-2\files-2.1\org.lwjgl\lwjgl-stb\3.3.3\472792c98fb2c1557c060cb9da5fca6a9773621f\lwjgl-stb-3.3.3-natives-macos.jar;C:\Users\camst\.gradle\caches\modules-2\files-2.1\org.lwjgl\lwjgl-stb\3.3.3\51c6955571fbcdb7bb538c6aa589b953b584c6af\lwjgl-stb-3.3.3-natives-macos-arm64.jar;C:\Users\camst\.gradle\caches\modules-2\files-2.1\org.lwjgl\lwjgl-stb\3.3.3\1d9facdf6541de114b0f963be33505b7679c78cb\lwjgl-stb-3.3.3-natives-windows.jar;C:\Users\camst\.gradle\caches\modules-2\files-2.1\org.lwjgl\lwjgl-stb\3.3.3\b5c874687b9aac1a936501d4ed2c49567fd1b575\lwjgl-stb-3.3.3-natives-windows-x86.jar;C:\Users\camst\.gradle\caches\modules-2\files-2.1\org.lwjgl\lwjgl\3.3.3\29589b5f87ed335a6c7e7ee6a5775f81f97ecb84\lwjgl-3.3.3.jar;C:\Users\camst\.gradle\caches\modules-2\files-2.1\org.lwjgl\lwjgl\3.3.3\1713758e3660ba66e1e954396fd18126038b33c0\lwjgl-3.3.3-natives-linux.jar;C:\Users\camst\.gradle\caches\modules-2\files-2.1\org.lwjgl\lwjgl\3.3.3\2075c51a80f0ef0f22ba616ba54007ac2b0debd4\lwjgl-3.3.3-natives-linux-arm32.jar;C:\Users\camst\.gradle\caches\modules-2\files-2.1\org.lwjgl\lwjgl\3.3.3\f35d8b6ffe1ac1e3a5eb1d4e33de80f044ad5fd8\lwjgl-3.3.3-natives-linux-arm64.jar;C:\Users\camst\.gradle\caches\modules-2\files-2.1\org.lwjgl\lwjgl\3.3.3\33a6efa288390490ce6eb6c3df47ac21ecf648cf\lwjgl-3.3.3-natives-macos.jar;C:\Users\camst\.gradle\caches\modules-2\files-2.1\org.lwjgl\lwjgl\3.3.3\226246e75f6bd8d4e1895bdce8638ef87808d114\lwjgl-3.3.3-natives-macos-arm64.jar;C:\Users\camst\.gradle\caches\modules-2\files-2.1\org.lwjgl\lwjgl\3.3.3\a5ed18a2b82fc91b81f40d717cb1f64c9dcb0540\lwjgl-3.3.3-natives-windows.jar;C:\Users\camst\.gradle\caches\modules-2\files-2.1\org.lwjgl\lwjgl\3.3.3\9e670718e050aeaeea0c2d5b907cffb142f2e58f\lwjgl-3.3.3-natives-windows-x86.jar;C:\Users\camst\.gradle\caches\modules-2\files-2.1\com.badlogicgames.jlayer\jlayer\1.0.1-gdx\7cca83cec5c1b2f011362f4d85aabd71a73b049d\jlayer-1.0.1-gdx.jar;C:\Users\camst\.gradle\caches\modules-2\files-2.1\org.jcraft\jorbis\0.0.17\8872d22b293e8f5d7d56ff92be966e6dc28ebdc6\jorbis-0.0.17.jar;C:\Users\camst\.gradle\caches\modules-2\files-2.1\com.badlogicgames.gdx\gdx-jnigen-loader\2.3.1\2d472f69243631fbcb3d4c3f93dd2e137a6cb084\gdx-jnigen-loader-2.3.1.jar
Launcher Type: SUN_STANDARD

[Global flags]
     intx CICompilerCount                          = 4                                         {product} {ergonomic}
     uint ConcGCThreads                            = 2                                         {product} {ergonomic}
     uint G1ConcRefinementThreads                  = 8                                         {product} {ergonomic}
   size_t G1HeapRegionSize                         = 1048576                                   {product} {ergonomic}
    uintx GCDrainStackTargetSize                   = 64                                        {product} {ergonomic}
   size_t InitialHeapSize                          = 130023424                                 {product} {ergonomic}
   size_t MarkStackSize                            = 4194304                                   {product} {ergonomic}
   size_t MaxHeapSize                              = 2065694720                                {product} {ergonomic}
   size_t MaxNewSize                               = 1239416832                                {product} {ergonomic}
   size_t MinHeapDeltaBytes                        = 1048576                                   {product} {ergonomic}
   size_t MinHeapSize                              = 8388608                                   {product} {ergonomic}
    uintx NonNMethodCodeHeapSize                   = 5839372                                {pd product} {ergonomic}
    uintx NonProfiledCodeHeapSize                  = 122909434                              {pd product} {ergonomic}
    uintx ProfiledCodeHeapSize                     = 122909434                              {pd product} {ergonomic}
    uintx ReservedCodeCacheSize                    = 251658240                              {pd product} {ergonomic}
     bool SegmentedCodeCache                       = true                                      {product} {ergonomic}
   size_t SoftMaxHeapSize                          = 2065694720                             {manageable} {ergonomic}
     bool UseCompressedOops                        = true                           {product lp64_product} {ergonomic}
     bool UseG1GC                                  = true                                      {product} {ergonomic}
     bool UseLargePagesIndividualAllocation        = false                                  {pd product} {ergonomic}

Logging:
Log output configuration:
 #0: stdout all=off uptime,level,tags foldmultilines=false
 #1: stderr all=off uptime,level,tags foldmultilines=false

Environment Variables:
PATH=C:\Program Files\Common Files\Oracle\Java\javapath;C:\Program Files (x86)\Common Files\Oracle\Java\java8path;C:\Program Files (x86)\Common Files\Oracle\Java\javapath;C:\WINDOWS\system32;C:\WINDOWS;C:\WINDOWS\System32\Wbem;C:\WINDOWS\System32\WindowsPowerShell\v1.0\;C:\WINDOWS\System32\OpenSSH\;C:\Program Files\Git\cmd;C:\Users\camst\AppData\Local\Programs\Python\Launcher\;C:\Users\camst\AppData\Local\Microsoft\WindowsApps;
USERNAME=camst
OS=Windows_NT
PROCESSOR_IDENTIFIER=Intel64 Family 6 Model 140 Stepping 1, GenuineIntel
TMP=C:\Users\camst\AppData\Local\Temp
TEMP=C:\Users\camst\AppData\Local\Temp




Periodic native trim disabled

---------------  S Y S T E M  ---------------

OS:
 Windows 11 , 64 bit Build 26100 (10.0.26100.3037)
OS uptime: 8 days 1:45 hours

CPU: total 8 (initial active 8) (4 cores per cpu, 2 threads per core) family 6 model 140 stepping 1 microcode 0x86, cx8, cmov, fxsr, ht, mmx, 3dnowpref, sse, sse2, sse3, ssse3, sse4.1, sse4.2, popcnt, lzcnt, tsc, tscinvbit, avx, avx2, aes, erms, clmul, bmi1, bmi2, adx, avx512f, avx512dq, avx512cd, avx512bw, avx512vl, sha, fma, vzeroupper, avx512_vpopcntdq, avx512_vpclmulqdq, avx512_vaes, avx512_vnni, clflush, clflushopt, clwb, avx512_vbmi2, avx512_vbmi, rdtscp, rdpid, fsrm, gfni, avx512_bitalg, f16c, pku, cet_ibt, cet_ss, avx512_ifma
Processor Information for processor 0
  Max Mhz: 2419, Current Mhz: 2419, Mhz Limit: 2419
Processor Information for processor 1
  Max Mhz: 2419, Current Mhz: 1007, Mhz Limit: 2419
Processor Information for processor 2
  Max Mhz: 2419, Current Mhz: 2419, Mhz Limit: 2419
Processor Information for processor 3
  Max Mhz: 2419, Current Mhz: 2419, Mhz Limit: 2419
Processor Information for processor 4
  Max Mhz: 2419, Current Mhz: 2419, Mhz Limit: 2419
Processor Information for processor 5
  Max Mhz: 2419, Current Mhz: 1007, Mhz Limit: 2419
Processor Information for processor 6
  Max Mhz: 2419, Current Mhz: 1007, Mhz Limit: 2419
Processor Information for processor 7
  Max Mhz: 2419, Current Mhz: 1007, Mhz Limit: 2419

Memory: 4k page, system-wide physical 7873M (794M free)
TotalPageFile size 17231M (AvailPageFile size 1169M)
current process WorkingSet (physical memory assigned to process): 160M, peak: 161M
current process commit charge ("private bytes"): 283M, peak: 284M

vm_info: Java HotSpot(TM) 64-Bit Server VM (21.0.2+13-LTS-58) for windows-amd64 JRE (21.0.2+13-LTS-58), built on 2024-01-05T18:32:24Z by "mach5one" with MS VC++ 17.1 (VS2022)

END.
